This is e-pTeX, Version 3.14159265-p3.7.1-161114-2.6 (utf8.euc) (TeX Live 2017/Debian) (preloaded format=platex 2018.10.13)  16 NOV 2018 06:41
entering extended mode
 restricted \write18 enabled.
 %&-line parsing enabled.
**oa2010.tex
(./oa2010.tex
pLaTeX2e <2017/10/28>+4 (based on LaTeX2e <2017-04-15>)
Babel <3.18> and hyphenation patterns for 26 language(s) loaded.
(/usr/share/texlive/texmf-dist/tex/latex/amscls/amsart.cls
Document Class: amsart 2017/10/31 v2.20.4
\linespacing=\dimen118
\normalparindent=\dimen119
\normaltopskip=\skip41
(/usr/share/texlive/texmf-dist/tex/latex/amsmath/amsmath.sty
Package: amsmath 2017/09/02 v2.17a AMS math features
\@mathmargin=\skip42

For additional information on amsmath, use the `?' option.
(/usr/share/texlive/texmf-dist/tex/latex/amsmath/amstext.sty
Package: amstext 2000/06/29 v2.01 AMS text

(/usr/share/texlive/texmf-dist/tex/latex/amsmath/amsgen.sty
File: amsgen.sty 1999/11/30 v2.0 generic functions
\@emptytoks=\toks15
\ex@=\dimen120
))
(/usr/share/texlive/texmf-dist/tex/latex/amsmath/amsbsy.sty
Package: amsbsy 1999/11/29 v1.2d Bold Symbols
\pmbraise@=\dimen121
)
(/usr/share/texlive/texmf-dist/tex/latex/amsmath/amsopn.sty
Package: amsopn 2016/03/08 v2.02 operator names
)
\inf@bad=\count82
LaTeX Info: Redefining \frac on input line 213.
\uproot@=\count83
\leftroot@=\count84
LaTeX Info: Redefining \overline on input line 375.
\classnum@=\count85
\DOTSCASE@=\count86
LaTeX Info: Redefining \ldots on input line 472.
LaTeX Info: Redefining \dots on input line 475.
LaTeX Info: Redefining \cdots on input line 596.
\Mathstrutbox@=\box42
\strutbox@=\box43
\big@size=\dimen122
LaTeX Font Info:    Redeclaring font encoding OML on input line 712.
LaTeX Font Info:    Redeclaring font encoding OMS on input line 713.
\macc@depth=\count87
\c@MaxMatrixCols=\count88
\dotsspace@=\muskip10
\c@parentequation=\count89
\dspbrk@lvl=\count90
\tag@help=\toks16
\row@=\count91
\column@=\count92
\maxfields@=\count93
\andhelp@=\toks17
\eqnshift@=\dimen123
\alignsep@=\dimen124
\tagshift@=\dimen125
\tagwidth@=\dimen126
\totwidth@=\dimen127
\lineht@=\dimen128
\@envbody=\toks18
\multlinegap=\skip43
\multlinetaggap=\skip44
\mathdisplay@stack=\toks19
LaTeX Info: Redefining \[ on input line 2817.
LaTeX Info: Redefining \] on input line 2818.
)
(I search kanjifont definition file: . . ) (I search font definition file: . .
. . . . . )
LaTeX Font Info:    Try loading font information for U+msa on input line 398.
 (/usr/share/texlive/texmf-dist/tex/latex/amsfonts/umsa.fd
File: umsa.fd 2013/01/14 v3.01 AMS symbols A
)
(/usr/share/texlive/texmf-dist/tex/latex/amsfonts/amsfonts.sty
Package: amsfonts 2013/01/14 v3.01 Basic AMSFonts support
\symAMSa=\mathgroup4
\symAMSb=\mathgroup5
LaTeX Font Info:    Overwriting math alphabet `\mathfrak' in version `bold'
(Font)                  U/euf/m/n --> U/euf/b/n on input line 106.
)
\copyins=\insert199
\abstractbox=\box44
\listisep=\skip45
\c@part=\count94
\c@section=\count95
\c@subsection=\count96
\c@subsubsection=\count97
\c@paragraph=\count98
\c@subparagraph=\count99
\c@figure=\count100
\c@table=\count101
\abovecaptionskip=\skip46
\belowcaptionskip=\skip47
\captionindent=\dimen129
\thm@style=\toks20
\thm@bodyfont=\toks21
\thm@headfont=\toks22
\thm@notefont=\toks23
\thm@headpunct=\toks24
\thm@preskip=\skip48
\thm@postskip=\skip49
\thm@headsep=\skip50
\dth@everypar=\toks25
)
(/usr/share/texlive/texmf-dist/tex/latex/amsfonts/amssymb.sty
Package: amssymb 2013/01/14 v3.01 AMS font symbols
)
(/usr/share/texlive/texmf-dist/tex/latex/amsmath/amscd.sty
Package: amscd 2017/04/14 v2.1 AMS Commutative Diagrams
\athelp@=\toks26
\minaw@=\dimen130
\bigaw@=\dimen131
\minCDarrowwidth=\dimen132
)
\c@Theorem=\count102
\c@Remark=\count103
\c@Exercise=\count104
 (./oa2010.aux)
\openout1 = `oa2010.aux'.

LaTeX Font Info:    Checking defaults for OML/cmm/m/it on input line 215.
LaTeX Font Info:    ... okay on input line 215.
LaTeX Font Info:    Checking defaults for T1/cmr/m/n on input line 215.
LaTeX Font Info:    ... okay on input line 215.
LaTeX Font Info:    Checking defaults for OT1/cmr/m/n on input line 215.
LaTeX Font Info:    ... okay on input line 215.
LaTeX Font Info:    Checking defaults for OMS/cmsy/m/n on input line 215.
LaTeX Font Info:    ... okay on input line 215.
LaTeX Font Info:    Checking defaults for OMX/cmex/m/n on input line 215.
LaTeX Font Info:    ... okay on input line 215.
LaTeX Font Info:    Checking defaults for U/cmr/m/n on input line 215.
LaTeX Font Info:    ... okay on input line 215.
LaTeX Font Info:    Checking defaults for JY1/mc/m/n on input line 215.
LaTeX Font Info:    ... okay on input line 215.
LaTeX Font Info:    Checking defaults for JT1/mc/m/n on input line 215.
LaTeX Font Info:    ... okay on input line 215.
LaTeX Font Info:    Try loading font information for U+msa on input line 215.

(/usr/share/texlive/texmf-dist/tex/latex/amsfonts/umsa.fd
File: umsa.fd 2013/01/14 v3.01 AMS symbols A
)
LaTeX Font Info:    Try loading font information for U+msb on input line 215.

(/usr/share/texlive/texmf-dist/tex/latex/amsfonts/umsb.fd
File: umsb.fd 2013/01/14 v3.01 AMS symbols B
)
LaTeX Font Info:    Font shape `JT1/mc/bx/n' in size <14.4> not available
(Font)              Font shape `JT1/gt/m/n' tried instead on input line 217.
LaTeX Font Info:    Font shape `JY1/mc/bx/n' in size <14.4> not available
(Font)              Font shape `JY1/gt/m/n' tried instead on input line 217.
 [1]

LaTeX Font Warning: Font shape `JT1/mc/m/sc' undefined
(Font)              using `JT1/mc/m/n' instead on input line 302.


LaTeX Font Warning: Font shape `JY1/mc/m/sc' undefined
(Font)              using `JY1/mc/m/n' instead on input line 302.

LaTeX Font Info:    Font shape `JT1/mc/bx/n' in size <12> not available
(Font)              Font shape `JT1/gt/m/n' tried instead on input line 306.
LaTeX Font Info:    Font shape `JY1/mc/bx/n' in size <12> not available
(Font)              Font shape `JY1/gt/m/n' tried instead on input line 306.

LaTeX Font Warning: Font shape `JT1/mc/m/it' undefined
(Font)              using `JT1/mc/m/n' instead on input line 343.


LaTeX Font Warning: Font shape `JY1/mc/m/it' undefined
(Font)              using `JY1/mc/m/n' instead on input line 343.

[2] [3] [4] [5] [6]
Overfull \hbox (5.69414pt too wide) in paragraph at lines 891--893
\OT1/cmr/bx/n/12 Theorem 3.4. \OT1/cmr/m/it/12 Let $\OML/cmm/m/it/12 A$ \OT1/cm
r/m/it/12 be an ir-re-ducible sym-met-ric ma-trix of non-negative
 []

[7] [8]
Overfull \hbox (4.00218pt too wide) in paragraph at lines 1009--1013
\OT1/cmr/m/n/12 then the eigenequa-tion is re-duced to the signle equa-tion $\O
ML/cmm/m/it/12 c[] \OT1/cmr/m/n/12 = \OML/cmm/m/it/12 c[]P[]\OT1/cmr/m/n/12 (\O
ML/cmm/m/it/12 ^^U\OT1/cmr/m/n/12 ) =
 []

(./oa2006-1.tpc) [9]
Overfull \hbox (6.65054pt too wide) in paragraph at lines 1062--1068
\OT1/cmr/m/n/12 be a source of many in-ter-est-ing iden-ti-ties (so-called $\OM
L/cmm/m/it/12 q$\OT1/cmr/m/n/12 -analogues).
 []


Overfull \hbox (8.55725pt too wide) in paragraph at lines 1079--1087
\OT1/cmr/m/n/12 one ver-tex added to the graph $\OML/cmm/m/it/12 A[]$ \OT1/cmr/
m/n/12 in a min-i-mal way. Let $(\OML/cmm/m/it/12 a; b; c\OT1/cmr/m/n/12 [\OML/
cmm/m/it/12 n\OT1/cmr/m/n/12 ][]\OML/cmm/m/it/12 ; c\OT1/cmr/m/n/12 [\OML/cmm/m
/it/12 n \OMS/cmsy/m/n/12 ^^@
 []

[10] (./oa2006-2.tpc) [11] (./oa2006-3.tpc) (./oa2006-18.tpc) (./oa2006-4.tpc)
(./oa2006-5.tpc) [12] (./oa2006-6.tpc) (./oa2006-7.tpc) [13] (./oa2006-8.tpc)
(./oa2006-9.tpc) (./oa2006-10.tpc) (./oa2006-11.tpc)
Overfull \hbox (4.15068pt too wide) in paragraph at lines 1391--1395
[]\OT1/cmr/m/n/12 We first seek for the graph of norm 2 among $\OML/cmm/m/it/12
 T[]$\OT1/cmr/m/n/12 's. Let $(\OML/cmm/m/it/12 a; b[]; b[]; c[]\OT1/cmr/m/n/12
 )$
 []

[14] (./oa2006-12.tpc) (./oa2006-13.tpc) (./oa2006-14.tpc) [15]
Overfull \hbox (5.52652pt too wide) detected at line 1534
\OML/cmm/m/it/12 ^^^\OT1/cmr/m/n/12 (2[]3[]5[]7[] [] ) = \OML/cmm/m/it/12 ^^^\O
T1/cmr/m/n/12 (2[])\OML/cmm/m/it/12 ^^^\OT1/cmr/m/n/12 (3[])\OML/cmm/m/it/12 ^^
^\OT1/cmr/m/n/12 (5[])\OML/cmm/m/it/12 ^^^\OT1/cmr/m/n/12 (7[]) [] = 2[] \OMS/c
msy/m/n/12 ^^A \OT1/cmr/m/n/12 23[] \OMS/cmsy/m/n/12 ^^A \OT1/cmr/m/n/12 45[] \
OMS/cmsy/m/n/12 ^^A \OT1/cmr/m/n/12 67[] []  \OML/cmm/m/it/12 ;
 []


Overfull \hbox (9.58553pt too wide) detected at line 1546
[]
 []

(./oa2006-15.tpc) [16] (./oa2006-16.tpc) (./oa2006-17.tpc) [17]
Overfull \hbox (18.40793pt too wide) in paragraph at lines 1667--1671
\OT1/cmr/m/it/12 Problem \OT1/cmr/m/n/12 27\OT1/cmr/m/it/12 . \OT1/cmr/m/n/12 I
n-ves-ti-gate the norm of $\OML/cmm/m/it/12 T[]$ \OT1/cmr/m/n/12 and show that 
$[][] \OMS/cmsy/m/n/12 k\OML/cmm/m/it/12 T[]\OMS/cmsy/m/n/12 k \OT1/cmr/m/n/12 
=
 []

[18] [19] (./oa2010.aux)

LaTeX Font Warning: Some font shapes were not available, defaults substituted.

 ) 
Here is how much of TeX's memory you used:
 1839 strings out of 494735
 19475 string characters out of 6176125
 80054 words of memory out of 5000000
 5143 multiletter control sequences out of 15000+600000
 18966 words of font info for 76 fonts, out of 8000000 for 9000
 425 hyphenation exceptions out of 8191
 34i,13n,31p,263b,372s stack positions out of 5000i,500n,10000p,200000b,80000s

Output written on oa2010.dvi (19 pages, 76472 bytes).
